<?xml version="1.0" encoding="utf-8"?><testsuites name="pytest tests"><testsuite name="pytest" errors="0" failures="1" skipped="0" tests="21" time="3.054" timestamp="2026-02-27T15:04:32.309418+00:00" hostname="agent-env-119baebd-5fa0-4461-aed7-8fe89c41b51a"><testcase classname="backend.tests.test_card_features.TestBoardAndCardAccess" name="test_get_board_with_cards" time="0.666" /><testcase classname="backend.tests.test_card_features.TestBoardAndCardAccess" name="test_get_individual_card" time="0.065" /><testcase classname="backend.tests.test_card_features.TestDueDateFeatures" name="test_overdue_card_has_past_date" time="0.067" /><testcase classname="backend.tests.test_card_features.TestDueDateFeatures" name="test_today_card_has_today_date" time="0.053" /><testcase classname="backend.tests.test_card_features.TestDueDateFeatures" name="test_future_card_has_future_date" time="0.070" /><testcase classname="backend.tests.test_card_features.TestDueDateFeatures" name="test_update_due_date" time="0.117" /><testcase classname="backend.tests.test_card_features.TestPriorityFeatures" name="test_card_priorities_exist" time="0.179" /><testcase classname="backend.tests.test_card_features.TestPriorityFeatures" name="test_update_priority" time="0.503" /><testcase classname="backend.tests.test_card_features.TestPriorityFeatures" name="test_clear_priority" time="0.127"><failure message="AssertionError: assert 'urgent' is None">backend/tests/test_card_features.py:192: in test_clear_priority
    assert card["priority"] is None
E   AssertionError: assert 'urgent' is None</failure></testcase><testcase classname="backend.tests.test_card_features.TestLabelFeatures" name="test_card_has_named_labels" time="0.059" /><testcase classname="backend.tests.test_card_features.TestLabelFeatures" name="test_update_labels" time="0.113" /><testcase classname="backend.tests.test_card_features.TestAssignedMembersFeatures" name="test_overdue_card_has_assigned_member" time="0.061" /><testcase classname="backend.tests.test_card_features.TestAssignedMembersFeatures" name="test_get_card_members" time="0.056" /><testcase classname="backend.tests.test_card_features.TestCardInvitationFeatures" name="test_invite_existing_user_to_card" time="0.057" /><testcase classname="backend.tests.test_card_features.TestCardInvitationFeatures" name="test_invite_unregistered_user_creates_pending" time="0.057" /><testcase classname="backend.tests.test_card_features.TestCardInvitationFeatures" name="test_remove_card_member" time="0.128" /><testcase classname="backend.tests.test_card_features.TestChecklistFeatures" name="test_add_checklist_item" time="0.061" /><testcase classname="backend.tests.test_card_features.TestChecklistFeatures" name="test_toggle_checklist_item" time="0.183" /><testcase classname="backend.tests.test_card_features.TestCommentFeatures" name="test_add_comment" time="0.052" /><testcase classname="backend.tests.test_card_features.TestCommentFeatures" name="test_comments_appear_in_card" time="0.055" /><testcase classname="backend.tests.test_card_features.TestPendingInviteProcessing" name="test_verify_newuser_was_added_via_pending_invite" time="0.063" /></testsuite></testsuites>