<?xml version="1.0" encoding="utf-8"?><testsuites name="pytest tests"><testsuite name="pytest" errors="0" failures="0" skipped="0" tests="19" time="11.339" timestamp="2026-03-01T11:26:10.262356+00:00" hostname="agent-env-119baebd-5fa0-4461-aed7-8fe89c41b51a"><testcase classname="backend.tests.test_email_invitations.TestInvitationEndpoints" name="test_get_invitation_details_valid_token" time="1.616" /><testcase classname="backend.tests.test_email_invitations.TestInvitationEndpoints" name="test_get_invitation_details_invalid_token" time="0.110" /><testcase classname="backend.tests.test_email_invitations.TestInvitationEndpoints" name="test_get_invitation_details_used_token" time="0.823" /><testcase classname="backend.tests.test_email_invitations.TestInvitationEndpoints" name="test_workspace_invitation_sends_email" time="0.831" /><testcase classname="backend.tests.test_email_invitations.TestInvitationEndpoints" name="test_workspace_invitation_existing_user" time="0.054" /><testcase classname="backend.tests.test_email_invitations.TestInvitationEndpoints" name="test_board_invitation_sends_email" time="1.225" /><testcase classname="backend.tests.test_email_invitations.TestInvitationEndpoints" name="test_board_invitation_existing_user" time="0.049" /><testcase classname="backend.tests.test_email_invitations.TestInvitationEndpoints" name="test_card_invitation_sends_email" time="0.696" /><testcase classname="backend.tests.test_email_invitations.TestInvitationEndpoints" name="test_accept_invitation_requires_auth" time="0.136" /><testcase classname="backend.tests.test_email_invitations.TestInvitationEndpoints" name="test_accept_invitation_success" time="0.823" /><testcase classname="backend.tests.test_email_invitations.TestInvitationEndpoints" name="test_accept_invitation_used_token_rejected" time="1.241" /><testcase classname="backend.tests.test_email_invitations.TestAdminEmailEndpoints" name="test_get_email_logs" time="0.404" /><testcase classname="backend.tests.test_email_invitations.TestAdminEmailEndpoints" name="test_get_email_logs_with_filter" time="0.052" /><testcase classname="backend.tests.test_email_invitations.TestAdminEmailEndpoints" name="test_get_email_logs_pagination" time="0.052" /><testcase classname="backend.tests.test_email_invitations.TestAdminEmailEndpoints" name="test_get_email_logs_requires_admin" time="0.131" /><testcase classname="backend.tests.test_email_invitations.TestAdminEmailEndpoints" name="test_get_pending_invitations" time="0.054" /><testcase classname="backend.tests.test_email_invitations.TestAdminEmailEndpoints" name="test_get_pending_invitations_requires_admin" time="0.106" /><testcase classname="backend.tests.test_email_invitations.TestInvitationExpiration" name="test_invitation_has_7_day_expiration" time="1.407" /><testcase classname="backend.tests.test_email_invitations.TestEmailLogs" name="test_email_logs_created_on_invite" time="1.376" /></testsuite></testsuites>