<?xml version="1.0" encoding="utf-8"?><testsuites name="pytest tests"><testsuite name="pytest" errors="0" failures="0" skipped="0" tests="17" time="2.900" timestamp="2026-03-03T07:51:46.793607+00:00" hostname="agent-env-119baebd-5fa0-4461-aed7-8fe89c41b51a"><testcase classname="backend.tests.test_feedback_features.TestTeamsAPI" name="test_create_team" time="0.567" /><testcase classname="backend.tests.test_feedback_features.TestTeamsAPI" name="test_get_workspace_teams" time="0.053" /><testcase classname="backend.tests.test_feedback_features.TestTeamsAPI" name="test_get_team" time="0.050" /><testcase classname="backend.tests.test_feedback_features.TestTeamsAPI" name="test_update_team" time="0.100" /><testcase classname="backend.tests.test_feedback_features.TestTeamsAPI" name="test_add_team_member_requires_user_id" time="0.061" /><testcase classname="backend.tests.test_feedback_features.TestTeamsAPI" name="test_delete_team" time="0.103" /><testcase classname="backend.tests.test_feedback_features.TestBoardStats" name="test_boards_include_stats" time="0.050" /><testcase classname="backend.tests.test_feedback_features.TestBoardMembers" name="test_get_board_members" time="0.047" /><testcase classname="backend.tests.test_feedback_features.TestBoardMembers" name="test_board_owner_cannot_be_removed" time="0.101" /><testcase classname="backend.tests.test_feedback_features.TestCardActions" name="test_get_board_with_lists" time="0.053" /><testcase classname="backend.tests.test_feedback_features.TestCardActions" name="test_create_test_card" time="0.052" /><testcase classname="backend.tests.test_feedback_features.TestCardActions" name="test_copy_card_by_creating_duplicate" time="0.053" /><testcase classname="backend.tests.test_feedback_features.TestCardActions" name="test_move_card_to_different_list" time="0.054" /><testcase classname="backend.tests.test_feedback_features.TestCardActions" name="test_delete_card" time="0.103" /><testcase classname="backend.tests.test_feedback_features.TestNotifications" name="test_get_notifications" time="0.048" /><testcase classname="backend.tests.test_feedback_features.TestNotifications" name="test_get_unread_count" time="0.048" /><testcase classname="backend.tests.test_feedback_features.TestBoardInviteWithInviterTracking" name="test_invite_member_stores_invited_by" time="1.226" /></testsuite></testsuites>