<?xml version="1.0" encoding="utf-8"?><testsuites name="pytest tests"><testsuite name="pytest" errors="0" failures="0" skipped="0" tests="11" time="2.416" timestamp="2026-03-03T08:48:20.718135+00:00" hostname="agent-env-cc2ef3fe-f65a-4220-a72a-be96b3df07c4"><testcase classname="backend.tests.test_template_system.TestTemplateSystem" name="test_get_template_categories" time="0.613" /><testcase classname="backend.tests.test_template_system.TestTemplateSystem" name="test_create_template_category" time="0.045" /><testcase classname="backend.tests.test_template_system.TestTemplateSystem" name="test_create_category_unauthorized" time="0.109" /><testcase classname="backend.tests.test_template_system.TestTemplateSystem" name="test_delete_template_category" time="0.233" /><testcase classname="backend.tests.test_template_system.TestTemplateSystem" name="test_get_templates" time="0.105" /><testcase classname="backend.tests.test_template_system.TestTemplateSystem" name="test_get_templates_with_category_filter" time="0.199" /><testcase classname="backend.tests.test_template_system.TestTemplateSystem" name="test_get_template_detail" time="0.207" /><testcase classname="backend.tests.test_template_system.TestTemplateSystem" name="test_get_nonexistent_template" time="0.098" /><testcase classname="backend.tests.test_template_system.TestTemplateSystem" name="test_publish_board_as_template" time="0.241" /><testcase classname="backend.tests.test_template_system.TestTemplateSystem" name="test_use_template" time="0.210" /><testcase classname="backend.tests.test_template_system.TestTemplateSystem" name="test_cleanup_test_data" time="0.245" /></testsuite></testsuites>